0 info it worked if it ends with ok
1 verbose cli [ 'C:\\Program Files\\nodejs\\node.exe',
1 verbose cli   'C:\\Program Files\\nodejs\\node_modules\\npm\\bin\\npm-cli.js',
1 verbose cli   'install',
1 verbose cli   'angular@1.6.6' ]
2 info using npm@3.10.10
3 info using node@v6.11.3
4 silly loadCurrentTree Starting
5 silly install loadCurrentTree
6 silly install readLocalPackageData
7 silly fetchPackageMetaData angular@1.6.6
8 silly fetchNamedPackageData angular
9 silly mapToRegistry name angular
10 silly mapToRegistry using default registry
11 silly mapToRegistry registry https://registry.npmjs.org/
12 silly mapToRegistry data Result {
12 silly mapToRegistry   raw: 'angular',
12 silly mapToRegistry   scope: null,
12 silly mapToRegistry   escapedName: 'angular',
12 silly mapToRegistry   name: 'angular',
12 silly mapToRegistry   rawSpec: '',
12 silly mapToRegistry   spec: 'latest',
12 silly mapToRegistry   type: 'tag' }
13 silly mapToRegistry uri https://registry.npmjs.org/angular
14 verbose request uri https://registry.npmjs.org/angular
15 verbose request no auth needed
16 info attempt registry request try #1 at 16:03:31
17 verbose request id 1ea71d778c5bacee
18 http request GET https://registry.npmjs.org/angular
19 http 200 https://registry.npmjs.org/angular
20 verbose headers { server: 'nginx/1.10.1',
20 verbose headers   'content-type': 'application/json',
20 verbose headers   'last-modified': 'Sat, 30 Sep 2017 12:52:26 GMT',
20 verbose headers   etag: 'W/"59cf938a-25535"',
20 verbose headers   'content-encoding': 'gzip',
20 verbose headers   'cache-control': 'max-age=300',
20 verbose headers   'content-length': '15813',
20 verbose headers   'accept-ranges': 'bytes',
20 verbose headers   date: 'Wed, 04 Oct 2017 15:03:51 GMT',
20 verbose headers   via: '1.1 varnish',
20 verbose headers   age: '96',
20 verbose headers   connection: 'keep-alive',
20 verbose headers   'x-served-by': 'cache-lhr6327-LHR',
20 verbose headers   'x-cache': 'HIT',
20 verbose headers   'x-cache-hits': '2',
20 verbose headers   'x-timer': 'S1507129432.520977,VS0,VE0',
20 verbose headers   vary: 'Accept-Encoding, Accept' }
21 silly get cb [ 200,
21 silly get   { server: 'nginx/1.10.1',
21 silly get     'content-type': 'application/json',
21 silly get     'last-modified': 'Sat, 30 Sep 2017 12:52:26 GMT',
21 silly get     etag: 'W/"59cf938a-25535"',
21 silly get     'content-encoding': 'gzip',
21 silly get     'cache-control': 'max-age=300',
21 silly get     'content-length': '15813',
21 silly get     'accept-ranges': 'bytes',
21 silly get     date: 'Wed, 04 Oct 2017 15:03:51 GMT',
21 silly get     via: '1.1 varnish',
21 silly get     age: '96',
21 silly get     connection: 'keep-alive',
21 silly get     'x-served-by': 'cache-lhr6327-LHR',
21 silly get     'x-cache': 'HIT',
21 silly get     'x-cache-hits': '2',
21 silly get     'x-timer': 'S1507129432.520977,VS0,VE0',
21 silly get     vary: 'Accept-Encoding, Accept' } ]
22 verbose get saving angular to C:\Users\erwan\AppData\Roaming\npm-cache\registry.npmjs.org\angular\.cache.json
23 verbose correctMkdir C:\Users\erwan\AppData\Roaming\npm-cache correctMkdir not in flight; initializing
24 silly install normalizeTree
25 silly loadCurrentTree Finishing
26 silly loadIdealTree Starting
27 silly install loadIdealTree
28 silly cloneCurrentTree Starting
29 silly install cloneCurrentTreeToIdealTree
30 silly cloneCurrentTree Finishing
31 silly loadShrinkwrap Starting
32 silly install loadShrinkwrap
33 silly loadShrinkwrap Finishing
34 silly loadAllDepsIntoIdealTree Starting
35 silly install loadAllDepsIntoIdealTree
36 silly resolveWithNewModule angular@1.6.6 checking installable status
37 silly cache add args [ 'angular@1.6.6', null ]
38 verbose cache add spec angular@1.6.6
39 silly cache add parsed spec Result {
39 silly cache add   raw: 'angular@1.6.6',
39 silly cache add   scope: null,
39 silly cache add   escapedName: 'angular',
39 silly cache add   name: 'angular',
39 silly cache add   rawSpec: '1.6.6',
39 silly cache add   spec: '1.6.6',
39 silly cache add   type: 'version' }
40 silly addNamed angular@1.6.6
41 verbose addNamed "1.6.6" is a plain semver version for angular
42 silly mapToRegistry name angular
43 silly mapToRegistry using default registry
44 silly mapToRegistry registry https://registry.npmjs.org/
45 silly mapToRegistry data Result {
45 silly mapToRegistry   raw: 'angular',
45 silly mapToRegistry   scope: null,
45 silly mapToRegistry   escapedName: 'angular',
45 silly mapToRegistry   name: 'angular',
45 silly mapToRegistry   rawSpec: '',
45 silly mapToRegistry   spec: 'latest',
45 silly mapToRegistry   type: 'tag' }
46 silly mapToRegistry uri https://registry.npmjs.org/angular
47 verbose addNameVersion registry:https://registry.npmjs.org/angular not in flight; fetching
48 verbose get https://registry.npmjs.org/angular not expired, no request
49 silly mapToRegistry name angular
50 silly mapToRegistry using default registry
51 silly mapToRegistry registry https://registry.npmjs.org/
52 silly mapToRegistry data Result {
52 silly mapToRegistry   raw: 'angular',
52 silly mapToRegistry   scope: null,
52 silly mapToRegistry   escapedName: 'angular',
52 silly mapToRegistry   name: 'angular',
52 silly mapToRegistry   rawSpec: '',
52 silly mapToRegistry   spec: 'latest',
52 silly mapToRegistry   type: 'tag' }
53 silly mapToRegistry uri https://registry.npmjs.org/angular
54 verbose addRemoteTarball https://registry.npmjs.org/angular/-/angular-1.6.6.tgz not in flight; adding
55 verbose addRemoteTarball [ 'https://registry.npmjs.org/angular/-/angular-1.6.6.tgz',
55 verbose addRemoteTarball   'fd5a3cfb437ce382d854ee01120797978527cb64' ]
56 info retry fetch attempt 1 at 16:03:31
57 info attempt registry request try #1 at 16:03:31
58 http fetch GET https://registry.npmjs.org/angular/-/angular-1.6.6.tgz
59 http fetch 200 https://registry.npmjs.org/angular/-/angular-1.6.6.tgz
60 warn retry will retry, error on last attempt: Error: EBUSY: resource busy or locked, rename 'C:\Users\erwan\AppData\Local\Temp\npm-19832-f3a4b87f\registry.npmjs.org\angular\-\angular-1.6.6.tgz.965230960' -> 'C:\Users\erwan\AppData\Local\Temp\npm-19832-f3a4b87f\registry.npmjs.org\angular\-\angular-1.6.6.tgz'
61 verbose stack TypeError: tarball.destroy is not a function
61 verbose stack     at WriteStreamAtomic.<anonymous> (C:\Program Files\nodejs\node_modules\npm\lib\cache\add-remote-tarball.js:97:15)
61 verbose stack     at emitOne (events.js:101:20)
61 verbose stack     at WriteStreamAtomic.emit (events.js:188:7)
61 verbose stack     at WriteStreamAtomic.emit (C:\Program Files\nodejs\node_modules\npm\node_modules\fs-write-stream-atomic\index.js:60:34)
61 verbose stack     at C:\Program Files\nodejs\node_modules\npm\node_modules\fs-write-stream-atomic\index.js:89:19
61 verbose stack     at FSReqWrap.oncomplete (fs.js:123:15)
62 verbose cwd C:\xampp\htdocs\angularBlog\AngularJS-blog
63 error Windows_NT 10.0.14393
64 error argv "C:\\Program Files\\nodejs\\node.exe" "C:\\Program Files\\nodejs\\node_modules\\npm\\bin\\npm-cli.js" "install" "angular@1.6.6"
65 error node v6.11.3
66 error npm  v3.10.10
67 error tarball.destroy is not a function
68 error If you need help, you may report this error at:
68 error     <https://github.com/npm/npm/issues>
69 verbose exit [ 1, true ]
